# JRE version: Java(TM) SE Runtime Environment (8.0_101-b13) (build 1.8.0_101-b13)
# Java VM: Java HotSpot(TM) 64-Bit Server VM (25.101-b13 mixed mode windows-amd64 compressed oops)
Heap:
 PSYoungGen      total 36864K, used 7067K [0x00000000d7100000, 0x00000000d9a00000, 0x0000000100000000)
  eden space 31744K, 6% used [0x00000000d7100000,0x00000000d72ec8a8,0x00000000d9000000)
  from space 5120K, 99% used [0x00000000d9500000,0x00000000d99fa410,0x00000000d9a00000)
  to   space 5120K, 0% used [0x00000000d9000000,0x00000000d9000000,0x00000000d9500000)
 ParOldGen       total 84992K, used 311K [0x0000000085200000, 0x000000008a500000, 0x00000000d7100000)
  object space 84992K, 0% used [0x0000000085200000,0x000000008524de78,0x000000008a500000)
 Metaspace       used 14321K, capacity 14430K, committed 14592K, reserved 1062912K
  class space    used 1768K, capacity 1789K, committed 1792K, reserved 1048576K
GC Heap History (8 events):
Event: 10.062 GC heap before
{Heap before GC invocations=1 (full 0):
 PSYoungGen      total 36864K, used 31744K [0x00000000d7100000, 0x00000000d9a00000, 0x0000000100000000)
  eden space 31744K, 100% used [0x00000000d7100000,0x00000000d9000000,0x00000000d9000000)
  from space 5120K, 0% used [0x00000000d9500000,0x00000000d9500000,0x00000000d9a00000)
  to   space 5120K, 0% used [0x00000000d9000000,0x00000000d9000000,0x00000000d9500000)
 ParOldGen       total 84992K, used 0K [0x0000000085200000, 0x000000008a500000, 0x00000000d7100000)
  object space 84992K, 0% used [0x0000000085200000,0x0000000085200000,0x000000008a500000)
 Metaspace       used 6510K, capacity 6614K, committed 6784K, reserved 1056768K
  class space    used 785K, capacity 817K, committed 896K, reserved 1048576K
Event: 10.164 GC heap after
Heap after GC invocations=1 (full 0):
 PSYoungGen      total 36864K, used 3429K [0x00000000d7100000, 0x00000000d9a00000, 0x0000000100000000)
  eden space 31744K, 0% used [0x00000000d7100000,0x00000000d7100000,0x00000000d9000000)
  from space 5120K, 66% used [0x00000000d9000000,0x00000000d93595e0,0x00000000d9500000)
  to   space 5120K, 0% used [0x00000000d9500000,0x00000000d9500000,0x00000000d9a00000)
 ParOldGen       total 84992K, used 72K [0x0000000085200000, 0x000000008a500000, 0x00000000d7100000)
  object space 84992K, 0% used [0x0000000085200000,0x0000000085212010,0x000000008a500000)
 Metaspace       used 6510K, capacity 6614K, committed 6784K, reserved 1056768K
  class space    used 785K, capacity 817K, committed 896K, reserved 1048576K
}
Event: 12.427 GC heap before
{Heap before GC invocations=2 (full 0):
 PSYoungGen      total 36864K, used 35173K [0x00000000d7100000, 0x00000000d9a00000, 0x0000000100000000)
  eden space 31744K, 100% used [0x00000000d7100000,0x00000000d9000000,0x00000000d9000000)
  from space 5120K, 66% used [0x00000000d9000000,0x00000000d93595e0,0x00000000d9500000)
  to   space 5120K, 0% used [0x00000000d9500000,0x00000000d9500000,0x00000000d9a00000)
 ParOldGen       total 84992K, used 72K [0x0000000085200000, 0x000000008a500000, 0x00000000d7100000)
  object space 84992K, 0% used [0x0000000085200000,0x0000000085212010,0x000000008a500000)
 Metaspace       used 9547K, capacity 9686K, committed 9856K, reserved 1058816K
  class space    used 1094K, capacity 1137K, committed 1152K, reserved 1048576K
Event: 12.447 GC heap after
Heap after GC invocations=2 (full 0):
 PSYoungGen      total 36864K, used 4333K [0x00000000d7100000, 0x00000000d9a00000, 0x0000000100000000)
  eden space 31744K, 0% used [0x00000000d7100000,0x00000000d7100000,0x00000000d9000000)
  from space 5120K, 84% used [0x00000000d9500000,0x00000000d993b4c8,0x00000000d9a00000)
  to   space 5120K, 0% used [0x00000000d9000000,0x00000000d9000000,0x00000000d9500000)
 ParOldGen       total 84992K, used 80K [0x0000000085200000, 0x000000008a500000, 0x00000000d7100000)
  object space 84992K, 0% used [0x0000000085200000,0x0000000085214010,0x000000008a500000)
 Metaspace       used 9547K, capacity 9686K, committed 9856K, reserved 1058816K
  class space    used 1094K, capacity 1137K, committed 1152K, reserved 1048576K
}
Event: 21.936 GC heap before
{Heap before GC invocations=3 (full 0):
 PSYoungGen      total 36864K, used 36077K [0x00000000d7100000, 0x00000000d9a00000, 0x0000000100000000)
  eden space 31744K, 100% used [0x00000000d7100000,0x00000000d9000000,0x00000000d9000000)
  from space 5120K, 84% used [0x00000000d9500000,0x00000000d993b4c8,0x00000000d9a00000)
  to   space 5120K, 0% used [0x00000000d9000000,0x00000000d9000000,0x00000000d9500000)
 ParOldGen       total 84992K, used 80K [0x0000000085200000, 0x000000008a500000, 0x00000000d7100000)
  object space 84992K, 0% used [0x0000000085200000,0x0000000085214010,0x000000008a500000)
 Metaspace       used 12024K, capacity 12174K, committed 12288K, reserved 1060864K
  class space    used 1449K, capacity 1493K, committed 1536K, reserved 1048576K
Event: 22.017 GC heap after
Heap after GC invocations=3 (full 0):
 PSYoungGen      total 36864K, used 4542K [0x00000000d7100000, 0x00000000d9a00000, 0x0000000100000000)
  eden space 31744K, 0% used [0x00000000d7100000,0x00000000d7100000,0x00000000d9000000)
  from space 5120K, 88% used [0x00000000d9000000,0x00000000d946f958,0x00000000d9500000)
  to   space 5120K, 0% used [0x00000000d9500000,0x00000000d9500000,0x00000000d9a00000)
 ParOldGen       total 84992K, used 88K [0x0000000085200000, 0x000000008a500000, 0x00000000d7100000)
  object space 84992K, 0% used [0x0000000085200000,0x0000000085216010,0x000000008a500000)
 Metaspace       used 12024K, capacity 12174K, committed 12288K, reserved 1060864K
  class space    used 1449K, capacity 1493K, committed 1536K, reserved 1048576K
}
Event: 24.358 GC heap before
{Heap before GC invocations=4 (full 0):
 PSYoungGen      total 36864K, used 36286K [0x00000000d7100000, 0x00000000d9a00000, 0x0000000100000000)
  eden space 31744K, 100% used [0x00000000d7100000,0x00000000d9000000,0x00000000d9000000)
  from space 5120K, 88% used [0x00000000d9000000,0x00000000d946f958,0x00000000d9500000)
  to   space 5120K, 0% used [0x00000000d9500000,0x00000000d9500000,0x00000000d9a00000)
 ParOldGen       total 84992K, used 88K [0x0000000085200000, 0x000000008a500000, 0x00000000d7100000)
  object space 84992K, 0% used [0x0000000085200000,0x0000000085216010,0x000000008a500000)
 Metaspace       used 14120K, capacity 14302K, committed 14336K, reserved 1062912K
  class space    used 1736K, capacity 1789K, committed 1792K, reserved 1048576K
Event: 24.367 GC heap after
Heap after GC invocations=4 (full 0):
 PSYoungGen      total 36864K, used 5097K [0x00000000d7100000, 0x00000000d9a00000, 0x0000000100000000)
  eden space 31744K, 0% used [0x00000000d7100000,0x00000000d7100000,0x00000000d9000000)
  from space 5120K, 99% used [0x00000000d9500000,0x00000000d99fa410,0x00000000d9a00000)
  to   space 5120K, 0% used [0x00000000d9000000,0x00000000d9000000,0x00000000d9500000)
 ParOldGen       total 84992K, used 311K [0x0000000085200000, 0x000000008a500000, 0x00000000d7100000)
  object space 84992K, 0% used [0x0000000085200000,0x000000008524de78,0x000000008a500000)
 Metaspace       used 14120K, capacity 14302K, committed 14336K, reserved 1062912K
  class space    used 1736K, capacity 1789K, committed 1792K, reserved 1048576K
}

